生成启动时间为 2019/9/17 22:35:22。
     1>项目“C:\Users\Administrator\Desktop\C++测试\ForceDistribute\ForceDistribute\ForceDistribute\ForceDistribute.vcxproj”在节点 2 上(Build 个目标)。
     1>ClCompile:
         D:\Program Files (x86)\Microsoft Visual Studio 12.0\VC\bin\CL.exe /c /I"C:\Users\Administrator\Desktop\C++测试\ForceDistribute\ForceDistribute\ForceDistribute\DK" /I"E:\eigen-eigen-323c052e1731\eigen-eigen-323c052e1731" /ZI /nologo /W3 /WX- /sdl /Od /Oy- /D WIN32 /D _DEBUG /D _CONSOLE /D _LIB /D _UNICODE /D UNICODE /Gm /EHsc /RTC1 /MDd /GS /fp:precise /Zc:wchar_t /Zc:forScope /Fo"Debug\\" /Fd"Debug\vc120.pdb" /Gd /TP /analyze- /errorReport:prompt main.cpp
         main.cpp
       Link:
         D:\Program Files (x86)\Microsoft Visual Studio 12.0\VC\bin\link.exe /ERRORREPORT:PROMPT /OUT:"C:\Users\Administrator\Desktop\C++测试\ForceDistribute\ForceDistribute\Debug\ForceDistribute.exe" /INCREMENTAL /NOLOGO kernel32.lib user32.lib gdi32.lib winspool.lib comdlg32.lib advapi32.lib shell32.lib ole32.lib oleaut32.lib uuid.lib odbc32.lib odbccp32.lib /MANIFEST /MANIFESTUAC:"level='asInvoker' uiAccess='false'" /manifest:embed /DEBUG /PDB:"C:\Users\Administrator\Desktop\C++测试\ForceDistribute\ForceDistribute\Debug\ForceDistribute.pdb" /SUBSYSTEM:CONSOLE /TLBID:1 /DYNAMICBASE /NXCOMPAT /IMPLIB:"C:\Users\Administrator\Desktop\C++测试\ForceDistribute\ForceDistribute\Debug\ForceDistribute.lib" /MACHINE:X86 Debug\alglibinternal.obj
         Debug\alglibmisc.obj
         Debug\ap.obj
         Debug\cablelencal.obj
         Debug\iMath.obj
         Debug\invsknmtc_cdpr.obj
         Debug\linalg.obj
         Debug\optimization.obj
         Debug\solvers.obj
         Debug\forcedistribute.obj
         Debug\main.obj
         ForceDistribute.vcxproj -> C:\Users\Administrator\Desktop\C++测试\ForceDistribute\ForceDistribute\Debug\ForceDistribute.exe
     1>已完成生成项目“C:\Users\Administrator\Desktop\C++测试\ForceDistribute\ForceDistribute\ForceDistribute\ForceDistribute.vcxproj”(Build 个目标)的操作。

生成成功。

已用时间 00:00:03.95
